# JRE version: OpenJDK Runtime Environment Temurin-21.0.10+7 (21.0.10+7) (build 21.0.10+7-LTS)
# Java VM: OpenJDK 64-Bit Server VM Temurin-21.0.10+7 (21.0.10+7-LTS, mixed mode, sharing, tiered, compressed oops, compressed class ptrs, parallel gc, windows-amd64)
GC Precious Log:
 CardTable entry size: 512
 CPUs: 12 total, 12 available
 Memory: 7875M
 Large Page Support: Disabled
 NUMA Support: Disabled
 Compressed Oops: Enabled (32-bit)
 Alignments: Space 512K, Generation 512K, Heap 2M
 Heap Min Capacity: 100M
 Heap Initial Capacity: 100M
 Heap Max Capacity: 2G
 Pre-touch: Disabled
 Parallel Workers: 10
Heap:
 PSYoungGen      total 8192K, used 4413K [0x00000000d5580000, 0x00000000d6000000, 0x0000000100000000)
  eden space 7680K, 50% used [0x00000000d5580000,0x00000000d594f6e0,0x00000000d5d00000)
  from space 512K, 100% used [0x00000000d5e80000,0x00000000d5f00000,0x00000000d5f00000)
  to   space 1536K, 0% used [0x00000000d5d00000,0x00000000d5d00000,0x00000000d5e80000)
 ParOldGen       total 1234432K, used 1234196K [0x0000000080000000, 0x00000000cb580000, 0x00000000d5580000)
  object space 1234432K, 99% used [0x0000000080000000,0x00000000cb545170,0x00000000cb580000)
 Metaspace       used 117982K, committed 120064K, reserved 1179648K
  class space    used 11788K, committed 12736K, reserved 1048576K
GC Heap History (20 events):
Event: 160387.771 GC heap before
{Heap before GC invocations=19045 (full 26):
 PSYoungGen      total 5632K, used 5152K [0x00000000d5580000, 0x00000000d5c80000, 0x0000000100000000)
  eden space 4608K, 100% used [0x00000000d5580000,0x00000000d5a00000,0x00000000d5a00000)
  from space 1024K, 53% used [0x00000000d5b80000,0x00000000d5c08020,0x00000000d5c80000)
  to   space 1024K, 0% used [0x00000000d5a00000,0x00000000d5a00000,0x00000000d5b00000)
 ParOldGen       total 1228288K, used 1228272K [0x0000000080000000, 0x00000000caf80000, 0x00000000d5580000)
  object space 1228288K, 99% used [0x0000000080000000,0x00000000caf7c1e8,0x00000000caf80000)
 Metaspace       used 117981K, committed 120064K, reserved 1179648K
  class space    used 11788K, committed 12736K, reserved 1048576K
}
Event: 160387.773 GC heap after
{Heap after GC invocations=19045 (full 26):
 PSYoungGen      total 5632K, used 608K [0x00000000d5580000, 0x00000000d5d00000, 0x0000000100000000)
  eden space 4608K, 0% used [0x00000000d5580000,0x00000000d5580000,0x00000000d5a00000)
  from space 1024K, 59% used [0x00000000d5a00000,0x00000000d5a98000,0x00000000d5b00000)
  to   space 1024K, 0% used [0x00000000d5c00000,0x00000000d5c00000,0x00000000d5d00000)
 ParOldGen       total 1228800K, used 1228720K [0x0000000080000000, 0x00000000cb000000, 0x00000000d5580000)
  object space 1228800K, 99% used [0x0000000080000000,0x00000000cafec208,0x00000000cb000000)
 Metaspace       used 117981K, committed 120064K, reserved 1179648K
  class space    used 11788K, committed 12736K, reserved 1048576K
}
Event: 160387.778 GC heap before
{Heap before GC invocations=19046 (full 26):
 PSYoungGen      total 5632K, used 5216K [0x00000000d5580000, 0x00000000d5d00000, 0x0000000100000000)
  eden space 4608K, 100% used [0x00000000d5580000,0x00000000d5a00000,0x00000000d5a00000)
  from space 1024K, 59% used [0x00000000d5a00000,0x00000000d5a98000,0x00000000d5b00000)
  to   space 1024K, 0% used [0x00000000d5c00000,0x00000000d5c00000,0x00000000d5d00000)
 ParOldGen       total 1228800K, used 1228720K [0x0000000080000000, 0x00000000cb000000, 0x00000000d5580000)
  object space 1228800K, 99% used [0x0000000080000000,0x00000000cafec208,0x00000000cb000000)
 Metaspace       used 117981K, committed 120064K, reserved 1179648K
  class space    used 11788K, committed 12736K, reserved 1048576K
}
Event: 160387.780 GC heap after
{Heap after GC invocations=19046 (full 26):
 PSYoungGen      total 6656K, used 720K [0x00000000d5580000, 0x00000000d5d00000, 0x0000000100000000)
  eden space 5632K, 0% used [0x00000000d5580000,0x00000000d5580000,0x00000000d5b00000)
  from space 1024K, 70% used [0x00000000d5c00000,0x00000000d5cb4010,0x00000000d5d00000)
  to   space 1024K, 0% used [0x00000000d5b00000,0x00000000d5b00000,0x00000000d5c00000)
 ParOldGen       total 1229312K, used 1229096K [0x0000000080000000, 0x00000000cb080000, 0x00000000d5580000)
  object space 1229312K, 99% used [0x0000000080000000,0x00000000cb04a248,0x00000000cb080000)
 Metaspace       used 117981K, committed 120064K, reserved 1179648K
  class space    used 11788K, committed 12736K, reserved 1048576K
}
Event: 160387.802 GC heap before
{Heap before GC invocations=19047 (full 26):
 PSYoungGen      total 6656K, used 6352K [0x00000000d5580000, 0x00000000d5d00000, 0x0000000100000000)
  eden space 5632K, 100% used [0x00000000d5580000,0x00000000d5b00000,0x00000000d5b00000)
  from space 1024K, 70% used [0x00000000d5c00000,0x00000000d5cb4010,0x00000000d5d00000)
  to   space 1024K, 0% used [0x00000000d5b00000,0x00000000d5b00000,0x00000000d5c00000)
 ParOldGen       total 1229312K, used 1229096K [0x0000000080000000, 0x00000000cb080000, 0x00000000d5580000)
  object space 1229312K, 99% used [0x0000000080000000,0x00000000cb04a248,0x00000000cb080000)
 Metaspace       used 117981K, committed 120064K, reserved 1179648K
  class space    used 11788K, committed 12736K, reserved 1048576K
}
Event: 160387.804 GC heap after
{Heap after GC invocations=19047 (full 26):
 PSYoungGen      total 6656K, used 538K [0x00000000d5580000, 0x00000000d5d00000, 0x0000000100000000)
  eden space 5632K, 0% used [0x00000000d5580000,0x00000000d5580000,0x00000000d5b00000)
  from space 1024K, 52% used [0x00000000d5b00000,0x00000000d5b86900,0x00000000d5c00000)
  to   space 1024K, 0% used [0x00000000d5c00000,0x00000000d5c00000,0x00000000d5d00000)
 ParOldGen       total 1229824K, used 1229677K [0x0000000080000000, 0x00000000cb100000, 0x00000000d5580000)
  object space 1229824K, 99% used [0x0000000080000000,0x00000000cb0db528,0x00000000cb100000)
 Metaspace       used 117981K, committed 120064K, reserved 1179648K
  class space    used 11788K, committed 12736K, reserved 1048576K
}
Event: 160387.808 GC heap before
{Heap before GC invocations=19048 (full 26):
 PSYoungGen      total 6656K, used 6161K [0x00000000d5580000, 0x00000000d5d00000, 0x0000000100000000)
  eden space 5632K, 99% used [0x00000000d5580000,0x00000000d5afddc0,0x00000000d5b00000)
  from space 1024K, 52% used [0x00000000d5b00000,0x00000000d5b86900,0x00000000d5c00000)
  to   space 1024K, 0% used [0x00000000d5c00000,0x00000000d5c00000,0x00000000d5d00000)
 ParOldGen       total 1229824K, used 1229677K [0x0000000080000000, 0x00000000cb100000, 0x00000000d5580000)
  object space 1229824K, 99% used [0x0000000080000000,0x00000000cb0db528,0x00000000cb100000)
 Metaspace       used 117981K, committed 120064K, reserved 1179648K
  class space    used 11788K, committed 12736K, reserved 1048576K
}
Event: 160387.810 GC heap after
{Heap after GC invocations=19048 (full 26):
 PSYoungGen      total 6656K, used 640K [0x00000000d5580000, 0x00000000d5e80000, 0x0000000100000000)
  eden space 5632K, 0% used [0x00000000d5580000,0x00000000d5580000,0x00000000d5b00000)
  from space 1024K, 62% used [0x00000000d5c00000,0x00000000d5ca0000,0x00000000d5d00000)
  to   space 1024K, 0% used [0x00000000d5b00000,0x00000000d5b00000,0x00000000d5c00000)
 ParOldGen       total 1230336K, used 1230078K [0x0000000080000000, 0x00000000cb180000, 0x00000000d5580000)
  object space 1230336K, 99% used [0x0000000080000000,0x00000000cb13f9c8,0x00000000cb180000)
 Metaspace       used 117981K, committed 120064K, reserved 1179648K
  class space    used 11788K, committed 12736K, reserved 1048576K
}
Event: 160387.814 GC heap before
{Heap before GC invocations=19049 (full 26):
 PSYoungGen      total 6656K, used 6272K [0x00000000d5580000, 0x00000000d5e80000, 0x0000000100000000)
  eden space 5632K, 100% used [0x00000000d5580000,0x00000000d5b00000,0x00000000d5b00000)
  from space 1024K, 62% used [0x00000000d5c00000,0x00000000d5ca0000,0x00000000d5d00000)
  to   space 1024K, 0% used [0x00000000d5b00000,0x00000000d5b00000,0x00000000d5c00000)
 ParOldGen       total 1230336K, used 1230078K [0x0000000080000000, 0x00000000cb180000, 0x00000000d5580000)
  object space 1230336K, 99% used [0x0000000080000000,0x00000000cb13f9c8,0x00000000cb180000)
 Metaspace       used 117981K, committed 120064K, reserved 1179648K
  class space    used 11788K, committed 12736K, reserved 1048576K
}
Event: 160387.816 GC heap after
{Heap after GC invocations=19049 (full 26):
 PSYoungGen      total 6656K, used 688K [0x00000000d5580000, 0x00000000d5e80000, 0x0000000100000000)
  eden space 5632K, 0% used [0x00000000d5580000,0x00000000d5580000,0x00000000d5b00000)
  from space 1024K, 67% used [0x00000000d5b00000,0x00000000d5bac030,0x00000000d5c00000)
  to   space 1024K, 0% used [0x00000000d5d80000,0x00000000d5d80000,0x00000000d5e80000)
 ParOldGen       total 1230848K, used 1230542K [0x0000000080000000, 0x00000000cb200000, 0x00000000d5580000)
  object space 1230848K, 99% used [0x0000000080000000,0x00000000cb1b39c8,0x00000000cb200000)
 Metaspace       used 117981K, committed 120064K, reserved 1179648K
  class space    used 11788K, committed 12736K, reserved 1048576K
}
Event: 160387.822 GC heap before
{Heap before GC invocations=19050 (full 26):
 PSYoungGen      total 6656K, used 6320K [0x00000000d5580000, 0x00000000d5e80000, 0x0000000100000000)
  eden space 5632K, 100% used [0x00000000d5580000,0x00000000d5b00000,0x00000000d5b00000)
  from space 1024K, 67% used [0x00000000d5b00000,0x00000000d5bac030,0x00000000d5c00000)
  to   space 1024K, 0% used [0x00000000d5d80000,0x00000000d5d80000,0x00000000d5e80000)
 ParOldGen       total 1230848K, used 1230542K [0x0000000080000000, 0x00000000cb200000, 0x00000000d5580000)
  object space 1230848K, 99% used [0x0000000080000000,0x00000000cb1b39c8,0x00000000cb200000)
 Metaspace       used 117981K, committed 120064K, reserved 1179648K
  class space    used 11788K, committed 12736K, reserved 1048576K
}
Event: 160387.824 GC heap after
{Heap after GC invocations=19050 (full 26):
 PSYoungGen      total 7168K, used 1000K [0x00000000d5580000, 0x00000000d6080000, 0x0000000100000000)
  eden space 6144K, 0% used [0x00000000d5580000,0x00000000d5580000,0x00000000d5b80000)
  from space 1024K, 97% used [0x00000000d5d80000,0x00000000d5e7a3a0,0x00000000d5e80000)
  to   space 2048K, 0% used [0x00000000d5b80000,0x00000000d5b80000,0x00000000d5d80000)
 ParOldGen       total 1231360K, used 1231263K [0x0000000080000000, 0x00000000cb280000, 0x00000000d5580000)
  object space 1231360K, 99% used [0x0000000080000000,0x00000000cb267dc8,0x00000000cb280000)
 Metaspace       used 117981K, committed 120064K, reserved 1179648K
  class space    used 11788K, committed 12736K, reserved 1048576K
}
Event: 160387.829 GC heap before
{Heap before GC invocations=19051 (full 26):
 PSYoungGen      total 7168K, used 7144K [0x00000000d5580000, 0x00000000d6080000, 0x0000000100000000)
  eden space 6144K, 100% used [0x00000000d5580000,0x00000000d5b80000,0x00000000d5b80000)
  from space 1024K, 97% used [0x00000000d5d80000,0x00000000d5e7a3a0,0x00000000d5e80000)
  to   space 2048K, 0% used [0x00000000d5b80000,0x00000000d5b80000,0x00000000d5d80000)
 ParOldGen       total 1231360K, used 1231263K [0x0000000080000000, 0x00000000cb280000, 0x00000000d5580000)
  object space 1231360K, 99% used [0x0000000080000000,0x00000000cb267dc8,0x00000000cb280000)
 Metaspace       used 117981K, committed 120064K, reserved 1179648K
  class space    used 11788K, committed 12736K, reserved 1048576K
}
Event: 160387.832 GC heap after
{Heap after GC invocations=19051 (full 26):
 PSYoungGen      total 8192K, used 928K [0x00000000d5580000, 0x00000000d6000000, 0x0000000100000000)
  eden space 6144K, 0% used [0x00000000d5580000,0x00000000d5580000,0x00000000d5b80000)
  from space 2048K, 45% used [0x00000000d5b80000,0x00000000d5c68000,0x00000000d5d80000)
  to   space 1536K, 0% used [0x00000000d5e80000,0x00000000d5e80000,0x00000000d6000000)
 ParOldGen       total 1232384K, used 1231889K [0x0000000080000000, 0x00000000cb380000, 0x00000000d5580000)
  object space 1232384K, 99% used [0x0000000080000000,0x00000000cb304758,0x00000000cb380000)
 Metaspace       used 117981K, committed 120064K, reserved 1179648K
  class space    used 11788K, committed 12736K, reserved 1048576K
}
Event: 160418.334 GC heap before
{Heap before GC invocations=19052 (full 26):
 PSYoungGen      total 8192K, used 7072K [0x00000000d5580000, 0x00000000d6000000, 0x0000000100000000)
  eden space 6144K, 100% used [0x00000000d5580000,0x00000000d5b80000,0x00000000d5b80000)
  from space 2048K, 45% used [0x00000000d5b80000,0x00000000d5c68000,0x00000000d5d80000)
  to   space 1536K, 0% used [0x00000000d5e80000,0x00000000d5e80000,0x00000000d6000000)
 ParOldGen       total 1232384K, used 1231889K [0x0000000080000000, 0x00000000cb380000, 0x00000000d5580000)
  object space 1232384K, 99% used [0x0000000080000000,0x00000000cb304758,0x00000000cb380000)
 Metaspace       used 117982K, committed 120064K, reserved 1179648K
  class space    used 11788K, committed 12736K, reserved 1048576K
}
Event: 160418.430 GC heap after
{Heap after GC invocations=19052 (full 26):
 PSYoungGen      total 8704K, used 730K [0x00000000d5580000, 0x00000000d5f80000, 0x0000000100000000)
  eden space 7680K, 0% used [0x00000000d5580000,0x00000000d5580000,0x00000000d5d00000)
  from space 1024K, 71% used [0x00000000d5e80000,0x00000000d5f36900,0x00000000d5f80000)
  to   space 1024K, 0% used [0x00000000d5d80000,0x00000000d5d80000,0x00000000d5e80000)
 ParOldGen       total 1232896K, used 1232661K [0x0000000080000000, 0x00000000cb400000, 0x00000000d5580000)
  object space 1232896K, 99% used [0x0000000080000000,0x00000000cb3c5760,0x00000000cb400000)
 Metaspace       used 117982K, committed 120064K, reserved 1179648K
  class space    used 11788K, committed 12736K, reserved 1048576K
}
Event: 160418.510 GC heap before
{Heap before GC invocations=19053 (full 26):
 PSYoungGen      total 8704K, used 8410K [0x00000000d5580000, 0x00000000d5f80000, 0x0000000100000000)
  eden space 7680K, 100% used [0x00000000d5580000,0x00000000d5d00000,0x00000000d5d00000)
  from space 1024K, 71% used [0x00000000d5e80000,0x00000000d5f36900,0x00000000d5f80000)
  to   space 1024K, 0% used [0x00000000d5d80000,0x00000000d5d80000,0x00000000d5e80000)
 ParOldGen       total 1232896K, used 1232661K [0x0000000080000000, 0x00000000cb400000, 0x00000000d5580000)
  object space 1232896K, 99% used [0x0000000080000000,0x00000000cb3c5760,0x00000000cb400000)
 Metaspace       used 117982K, committed 120064K, reserved 1179648K
  class space    used 11788K, committed 12736K, reserved 1048576K
}
Event: 160418.512 GC heap after
{Heap after GC invocations=19053 (full 26):
 PSYoungGen      total 8704K, used 704K [0x00000000d5580000, 0x00000000d5f00000, 0x0000000100000000)
  eden space 7680K, 0% used [0x00000000d5580000,0x00000000d5580000,0x00000000d5d00000)
  from space 1024K, 68% used [0x00000000d5d80000,0x00000000d5e30020,0x00000000d5e80000)
  to   space 512K, 0% used [0x00000000d5e80000,0x00000000d5e80000,0x00000000d5f00000)
 ParOldGen       total 1233408K, used 1233316K [0x0000000080000000, 0x00000000cb480000, 0x00000000d5580000)
  object space 1233408K, 99% used [0x0000000080000000,0x00000000cb4690f0,0x00000000cb480000)
 Metaspace       used 117982K, committed 120064K, reserved 1179648K
  class space    used 11788K, committed 12736K, reserved 1048576K
}
Event: 160418.717 GC heap before
{Heap before GC invocations=19054 (full 26):
 PSYoungGen      total 8704K, used 8384K [0x00000000d5580000, 0x00000000d5f00000, 0x0000000100000000)
  eden space 7680K, 100% used [0x00000000d5580000,0x00000000d5d00000,0x00000000d5d00000)
  from space 1024K, 68% used [0x00000000d5d80000,0x00000000d5e30020,0x00000000d5e80000)
  to   space 512K, 0% used [0x00000000d5e80000,0x00000000d5e80000,0x00000000d5f00000)
 ParOldGen       total 1233408K, used 1233316K [0x0000000080000000, 0x00000000cb480000, 0x00000000d5580000)
  object space 1233408K, 99% used [0x0000000080000000,0x00000000cb4690f0,0x00000000cb480000)
 Metaspace       used 117982K, committed 120064K, reserved 1179648K
  class space    used 11788K, committed 12736K, reserved 1048576K
}
Event: 160418.729 GC heap after
{Heap after GC invocations=19054 (full 26):
 PSYoungGen      total 8192K, used 512K [0x00000000d5580000, 0x00000000d6000000, 0x0000000100000000)
  eden space 7680K, 0% used [0x00000000d5580000,0x00000000d5580000,0x00000000d5d00000)
  from space 512K, 100% used [0x00000000d5e80000,0x00000000d5f00000,0x00000000d5f00000)
  to   space 1536K, 0% used [0x00000000d5d00000,0x00000000d5d00000,0x00000000d5e80000)
 ParOldGen       total 1234432K, used 1234196K [0x0000000080000000, 0x00000000cb580000, 0x00000000d5580000)
  object space 1234432K, 99% used [0x0000000080000000,0x00000000cb545170,0x00000000cb580000)
 Metaspace       used 117982K, committed 120064K, reserved 1179648K
  class space    used 11788K, committed 12736K, reserved 1048576K
}

